<?xml version="1.0" encoding="UTF-8"?>
<!-- Generated by org.testng.reporters.JUnitXMLReporter -->
<testsuite ignored="0" hostname="DESKTOP-HOBCA4B" failures="0" tests="4" name="FirefoxTest" time="130.203" errors="0" timestamp="2022-03-07T16:02:28 IST">
  <testcase classname="TestClass.Test1" name="@BeforeTest launchBrowser" time="130.148">
    <failure type="org.openqa.selenium.TimeoutException" message="No connection could be made because the target machine actively refused it. (os error 10061)
Build info: version: &amp;apos;3.141.59&amp;apos;, revision: &amp;apos;e82be7d358&amp;apos;, time: &amp;apos;2018-11-14T08:17:03&amp;apos;
System info: host: &amp;apos;DESKTOP-HOBCA4B&amp;apos;, ip: &amp;apos;192.168.251.141&amp;apos;, os.name: &amp;apos;Windows 10&amp;apos;, os.arch: &amp;apos;amd64&amp;apos;, os.version: &amp;apos;10.0&amp;apos;, java.version: &amp;apos;17.0.1&amp;apos;
Driver info: driver.version: FirefoxDriver
remote stacktrace: ">
      <![CDATA[org.openqa.selenium.TimeoutException: No connection could be made because the target machine actively refused it. (os error 10061)
Build info: version: '3.141.59', revision: 'e82be7d358', time: '2018-11-14T08:17:03'
System info: host: 'DESKTOP-HOBCA4B', ip: '192.168.251.141', os.name: 'Windows 10', os.arch: 'amd64', os.version: '10.0', java.version: '17.0.1'
Driver info: driver.version: FirefoxDriver
remote stacktrace: 
at org.openqa.selenium.remote.W3CHandshakeResponse.lambda$errorHandler$0(W3CHandshakeResponse.java:62)
at org.openqa.selenium.remote.HandshakeResponse.lambda$getResponseFunction$0(HandshakeResponse.java:30)
at org.openqa.selenium.remote.ProtocolHandshake.lambda$createSession$0(ProtocolHandshake.java:126)
at java.base/java.util.stream.ReferencePipeline$3$1.accept(ReferencePipeline.java:197)
at java.base/java.util.Spliterators$ArraySpliterator.tryAdvance(Spliterators.java:1002)
at java.base/java.util.stream.ReferencePipeline.forEachWithCancel(ReferencePipeline.java:129)
at java.base/java.util.stream.AbstractPipeline.copyIntoWithCancel(AbstractPipeline.java:527)
at java.base/java.util.stream.AbstractPipeline.copyInto(AbstractPipeline.java:513)
at java.base/java.util.stream.AbstractPipeline.wrapAndCopyInto(AbstractPipeline.java:499)
at java.base/java.util.stream.FindOps$FindOp.evaluateSequential(FindOps.java:150)
at java.base/java.util.stream.AbstractPipeline.evaluate(AbstractPipeline.java:234)
at java.base/java.util.stream.ReferencePipeline.findFirst(ReferencePipeline.java:647)
at org.openqa.selenium.remote.ProtocolHandshake.createSession(ProtocolHandshake.java:128)
at org.openqa.selenium.remote.ProtocolHandshake.createSession(ProtocolHandshake.java:74)
at org.openqa.selenium.remote.HttpCommandExecutor.execute(HttpCommandExecutor.java:136)
at org.openqa.selenium.remote.service.DriverCommandExecutor.execute(DriverCommandExecutor.java:83)
at org.openqa.selenium.remote.RemoteWebDriver.execute(RemoteWebDriver.java:552)
at org.openqa.selenium.remote.RemoteWebDriver.startSession(RemoteWebDriver.java:213)
at org.openqa.selenium.remote.RemoteWebDriver.<init>(RemoteWebDriver.java:131)
at org.openqa.selenium.firefox.FirefoxDriver.<init>(FirefoxDriver.java:147)
at org.openqa.selenium.firefox.FirefoxDriver.<init>(FirefoxDriver.java:125)
at base.Browser.launchFirefoxBrowser(Browser.java:21)
at TestClass.Test1.launchBrowser(Test1.java:42)
... Removed 29 stack frames]]>
    </failure>
  </testcase> <!-- @BeforeTest launchBrowser -->
  <testcase classname="TestClass.Test2" name="@BeforeTest launchBrowser" time="-1.646649147966E9">
    <skipped/>
  </testcase> <!-- @BeforeTest launchBrowser -->
  <testcase classname="TestClass.Test1" name="@BeforeClass createObjectOfPOMClasses" time="-1.646649147969E9">
    <skipped/>
  </testcase> <!-- @BeforeClass createObjectOfPOMClasses -->
  <testcase classname="TestClass.Test2" name="@BeforeClass createObjectOfPOMClasses" time="-1.646649147969E9">
    <skipped/>
  </testcase> <!-- @BeforeClass createObjectOfPOMClasses -->
  <testcase classname="TestClass.Test1" name="@BeforeMethod loginToApplication" time="-1.646649147973E9">
    <skipped/>
  </testcase> <!-- @BeforeMethod loginToApplication -->
  <testcase classname="TestClass.Test2" name="@BeforeMethod loginToApplication" time="-1.646649147973E9">
    <skipped/>
  </testcase> <!-- @BeforeMethod loginToApplication -->
  <testcase classname="TestClass.Test1" name="@AfterMethod Logout" time="-1.646649147978E9">
    <skipped/>
  </testcase> <!-- @AfterMethod Logout -->
  <testcase classname="TestClass.Test2" name="@AfterMethod Logout" time="-1.646649147979E9">
    <skipped/>
  </testcase> <!-- @AfterMethod Logout -->
  <testcase classname="TestClass.Test1" name="@BeforeMethod loginToApplication" time="-1.646649147989E9">
    <skipped/>
  </testcase> <!-- @BeforeMethod loginToApplication -->
  <testcase classname="TestClass.Test2" name="@BeforeMethod loginToApplication" time="-1.646649147991E9">
    <skipped/>
  </testcase> <!-- @BeforeMethod loginToApplication -->
  <testcase classname="TestClass.Test1" name="@AfterMethod Logout" time="-1.646649147998E9">
    <skipped/>
  </testcase> <!-- @AfterMethod Logout -->
  <testcase classname="TestClass.Test1" name="@AfterClass clearPOMObject" time="-1.646649148001E9">
    <skipped/>
  </testcase> <!-- @AfterClass clearPOMObject -->
  <testcase classname="TestClass.Test2" name="@AfterMethod Logout" time="-1.646649148006E9">
    <skipped/>
  </testcase> <!-- @AfterMethod Logout -->
  <testcase classname="TestClass.Test2" name="@AfterClass clearPOMObject" time="-1.646649148008E9">
    <skipped/>
  </testcase> <!-- @AfterClass clearPOMObject -->
  <testcase classname="TestClass.Test1" name="@AfterTest closeBrowser" time="-1.646649148012E9">
    <skipped/>
  </testcase> <!-- @AfterTest closeBrowser -->
  <testcase classname="TestClass.Test2" name="@AfterTest closeBrowser" time="-1.646649148014E9">
    <skipped/>
  </testcase> <!-- @AfterTest closeBrowser -->
  <testcase classname="TestClass.Test1" name="sendPostToUser" time="0.0">
    <skipped/>
  </testcase> <!-- sendPostToUser -->
  <testcase classname="TestClass.Test2" name="likeOnFirstPost" time="0.0">
    <skipped/>
  </testcase> <!-- likeOnFirstPost -->
  <testcase classname="TestClass.Test1" name="verifyAkshayProfile" time="0.0">
    <skipped/>
  </testcase> <!-- verifyAkshayProfile -->
  <testcase classname="TestClass.Test2" name="verifyDeepikaProfile" time="0.0">
    <skipped/>
  </testcase> <!-- verifyDeepikaProfile -->
</testsuite> <!-- FirefoxTest -->
