<?xml version="1.0" encoding="UTF-8"?>
<!-- Generated by org.testng.reporters.JUnitXMLReporter -->
<testsuite ignored="0" hostname="DESKTOP-HOBCA4B" failures="0" tests="2" name="Default test" time="0.226" errors="0" timestamp="2022-03-03T17:41:34 IST">
  <testcase classname="TestClass.TestClass1" name="@BeforeTest launchBrowser" time="-1.646309494407E9">
    <failure type="org.testng.TestNGException" message="
Parameter &amp;apos;browser&amp;apos; is required by BeforeTest on method launchBrowser but has not been marked @Optional or defined
in C:\Users\patid\AppData\Local\Temp\testng-eclipse-818341951\testng-customsuite.xml">
      <![CDATA[org.testng.TestNGException: 
Parameter 'browser' is required by BeforeTest on method launchBrowser but has not been marked @Optional or defined
in C:\Users\patid\AppData\Local\Temp\testng-eclipse-818341951\testng-customsuite.xml
at org.testng.internal.Parameters.createParams(Parameters.java:270)
at org.testng.internal.Parameters.createParametersForMethod(Parameters.java:358)
at org.testng.internal.Parameters.createParameters(Parameters.java:700)
at org.testng.internal.Parameters.createConfigurationParameters(Parameters.java:168)
at org.testng.internal.ConfigInvoker.invokeConfigurations(ConfigInvoker.java:302)
at org.testng.TestRunner.invokeTestConfigurations(TestRunner.java:637)
at org.testng.TestRunner.beforeRun(TestRunner.java:627)
at org.testng.TestRunner.run(TestRunner.java:589)
at org.testng.SuiteRunner.runTest(SuiteRunner.java:377)
at org.testng.SuiteRunner.runSequentially(SuiteRunner.java:371)
at org.testng.SuiteRunner.privateRun(SuiteRunner.java:332)
at org.testng.SuiteRunner.run(SuiteRunner.java:276)
at org.testng.SuiteRunnerWorker.runSuite(SuiteRunnerWorker.java:53)
at org.testng.SuiteRunnerWorker.run(SuiteRunnerWorker.java:96)
at org.testng.TestNG.runSuitesSequentially(TestNG.java:1212)
at org.testng.TestNG.runSuitesLocally(TestNG.java:1134)
at org.testng.TestNG.runSuites(TestNG.java:1063)
at org.testng.TestNG.run(TestNG.java:1031)
at org.testng.remote.AbstractRemoteTestNG.run(AbstractRemoteTestNG.java:115)
at org.testng.remote.RemoteTestNG.initAndRun(RemoteTestNG.java:251)
at org.testng.remote.RemoteTestNG.main(RemoteTestNG.java:77)
]]>
    </failure>
  </testcase> <!-- @BeforeTest launchBrowser -->
  <testcase classname="TestClass.TestClass1" name="@BeforeClass createObjectOfPOMClasses" time="-1.646309494469E9">
    <skipped/>
  </testcase> <!-- @BeforeClass createObjectOfPOMClasses -->
  <testcase classname="TestClass.TestClass1" name="@BeforeMethod launchApllication" time="-1.646309494505E9">
    <skipped/>
  </testcase> <!-- @BeforeMethod launchApllication -->
  <testcase classname="TestClass.TestClass1" name="@AfterMethod logout" time="-1.646309494562E9">
    <skipped/>
  </testcase> <!-- @AfterMethod logout -->
  <testcase classname="TestClass.TestClass1" name="@BeforeMethod launchApllication" time="-1.646309494568E9">
    <skipped/>
  </testcase> <!-- @BeforeMethod launchApllication -->
  <testcase classname="TestClass.TestClass1" name="@AfterMethod logout" time="-1.646309494604E9">
    <skipped/>
  </testcase> <!-- @AfterMethod logout -->
  <testcase classname="TestClass.TestClass1" name="@AfterClass clearPOMObject" time="-1.64630949461E9">
    <skipped/>
  </testcase> <!-- @AfterClass clearPOMObject -->
  <testcase classname="TestClass.TestClass1" name="@AfterTest closeBrowser" time="-1.646309494623E9">
    <skipped/>
  </testcase> <!-- @AfterTest closeBrowser -->
  <testcase classname="TestClass.TestClass1" name="getCustomerNumber" time="0.0">
    <skipped/>
  </testcase> <!-- getCustomerNumber -->
  <testcase classname="TestClass.TestClass1" name="verifyRentModuleModule" time="0.0">
    <skipped/>
  </testcase> <!-- verifyRentModuleModule -->
</testsuite> <!-- Default test -->
