<?xml version="1.0" encoding="UTF-8"?>
<!-- Generated by org.testng.reporters.JUnitXMLReporter -->
<testsuite ignored="0" hostname="DESKTOP-HOBCA4B" failures="0" tests="4" name="ChromeTest(failed)" time="4.087" errors="0" timestamp="2022-03-10T22:39:27 IST">
  <testcase classname="TestClass.Test1" name="@BeforeTest launchBrowser" time="3.881">
    <failure type="org.openqa.selenium.SessionNotCreatedException" message="session not created: This version of ChromeDriver only supports Chrome version 97
Current browser version is 99.0.4844.51 with binary path C:\Program Files\Google\Chrome\Application\chrome.exe
Build info: version: &amp;apos;3.141.59&amp;apos;, revision: &amp;apos;e82be7d358&amp;apos;, time: &amp;apos;2018-11-14T08:17:03&amp;apos;
System info: host: &amp;apos;DESKTOP-HOBCA4B&amp;apos;, ip: &amp;apos;192.168.190.141&amp;apos;, os.name: &amp;apos;Windows 10&amp;apos;, os.arch: &amp;apos;amd64&amp;apos;, os.version: &amp;apos;10.0&amp;apos;, java.version: &amp;apos;17.0.1&amp;apos;
Driver info: driver.version: ChromeDriver
remote stacktrace: Backtrace:
	Ordinal0 [0x0071FDC3+2555331]
	Ordinal0 [0x006B77F1+2127857]
	Ordinal0 [0x005B2E08+1060360]
	Ordinal0 [0x005D19CA+1186250]
	Ordinal0 [0x005CD825+1169445]
	Ordinal0 [0x005CAFC1+1159105]
	Ordinal0 [0x005FC22F+1360431]
	Ordinal0 [0x005FBE9A+1359514]
	Ordinal0 [0x005F7976+1341814]
	Ordinal0 [0x005D36B6+1193654]
	Ordinal0 [0x005D4546+1197382]
	GetHandleVerifier [0x008B9622+1619522]
	GetHandleVerifier [0x0096882C+2336844]
	GetHandleVerifier [0x007B23E1+541697]
	GetHandleVerifier [0x007B1443+537699]
	Ordinal0 [0x006BD18E+2150798]
	Ordinal0 [0x006C1518+2168088]
	Ordinal0 [0x006C1660+2168416]
	Ordinal0 [0x006CB330+2208560]
	BaseThreadInitThunk [0x75E7FA29+25]
	RtlGetAppContainerNamedObjectPath [0x77937A9E+286]
	RtlGetAppContainerNamedObjectPath [0x77937A6E+238]
">
      <![CDATA[org.openqa.selenium.SessionNotCreatedException: session not created: This version of ChromeDriver only supports Chrome version 97
Current browser version is 99.0.4844.51 with binary path C:\Program Files\Google\Chrome\Application\chrome.exe
Build info: version: '3.141.59', revision: 'e82be7d358', time: '2018-11-14T08:17:03'
System info: host: 'DESKTOP-HOBCA4B', ip: '192.168.190.141', os.name: 'Windows 10', os.arch: 'amd64', os.version: '10.0', java.version: '17.0.1'
Driver info: driver.version: ChromeDriver
remote stacktrace: Backtrace:
Ordinal0 [0x0071FDC3+2555331]
Ordinal0 [0x006B77F1+2127857]
Ordinal0 [0x005B2E08+1060360]
Ordinal0 [0x005D19CA+1186250]
Ordinal0 [0x005CD825+1169445]
Ordinal0 [0x005CAFC1+1159105]
Ordinal0 [0x005FC22F+1360431]
Ordinal0 [0x005FBE9A+1359514]
Ordinal0 [0x005F7976+1341814]
Ordinal0 [0x005D36B6+1193654]
Ordinal0 [0x005D4546+1197382]
GetHandleVerifier [0x008B9622+1619522]
GetHandleVerifier [0x0096882C+2336844]
GetHandleVerifier [0x007B23E1+541697]
GetHandleVerifier [0x007B1443+537699]
Ordinal0 [0x006BD18E+2150798]
Ordinal0 [0x006C1518+2168088]
Ordinal0 [0x006C1660+2168416]
Ordinal0 [0x006CB330+2208560]
BaseThreadInitThunk [0x75E7FA29+25]
RtlGetAppContainerNamedObjectPath [0x77937A9E+286]
RtlGetAppContainerNamedObjectPath [0x77937A6E+238]

at org.openqa.selenium.remote.W3CHandshakeResponse.lambda$errorHandler$0(W3CHandshakeResponse.java:62)
at org.openqa.selenium.remote.HandshakeResponse.lambda$getResponseFunction$0(HandshakeResponse.java:30)
at org.openqa.selenium.remote.ProtocolHandshake.lambda$createSession$0(ProtocolHandshake.java:126)
at java.base/java.util.stream.ReferencePipeline$3$1.accept(ReferencePipeline.java:197)
at java.base/java.util.Spliterators$ArraySpliterator.tryAdvance(Spliterators.java:1002)
at java.base/java.util.stream.ReferencePipeline.forEachWithCancel(ReferencePipeline.java:129)
at java.base/java.util.stream.AbstractPipeline.copyIntoWithCancel(AbstractPipeline.java:527)
at java.base/java.util.stream.AbstractPipeline.copyInto(AbstractPipeline.java:513)
at java.base/java.util.stream.AbstractPipeline.wrapAndCopyInto(AbstractPipeline.java:499)
at java.base/java.util.stream.FindOps$FindOp.evaluateSequential(FindOps.java:150)
at java.base/java.util.stream.AbstractPipeline.evaluate(AbstractPipeline.java:234)
at java.base/java.util.stream.ReferencePipeline.findFirst(ReferencePipeline.java:647)
at org.openqa.selenium.remote.ProtocolHandshake.createSession(ProtocolHandshake.java:128)
at org.openqa.selenium.remote.ProtocolHandshake.createSession(ProtocolHandshake.java:74)
at org.openqa.selenium.remote.HttpCommandExecutor.execute(HttpCommandExecutor.java:136)
at org.openqa.selenium.remote.service.DriverCommandExecutor.execute(DriverCommandExecutor.java:83)
at org.openqa.selenium.remote.RemoteWebDriver.execute(RemoteWebDriver.java:552)
at org.openqa.selenium.remote.RemoteWebDriver.startSession(RemoteWebDriver.java:213)
at org.openqa.selenium.remote.RemoteWebDriver.<init>(RemoteWebDriver.java:131)
at org.openqa.selenium.chrome.ChromeDriver.<init>(ChromeDriver.java:181)
at org.openqa.selenium.chrome.ChromeDriver.<init>(ChromeDriver.java:168)
at org.openqa.selenium.chrome.ChromeDriver.<init>(ChromeDriver.java:123)
at base.Browser.launchChromeBrowser(Browser.java:13)
at TestClass.Test1.launchBrowser(Test1.java:36)
... Removed 29 stack frames]]>
    </failure>
  </testcase> <!-- @BeforeTest launchBrowser -->
  <testcase classname="TestClass.Test2" name="@BeforeTest launchBrowser" time="-1.646932166927E9">
    <skipped/>
  </testcase> <!-- @BeforeTest launchBrowser -->
  <testcase classname="TestClass.Test2" name="@BeforeClass createObjectOfPOMClassesr" time="-1.646932166978E9">
    <skipped/>
  </testcase> <!-- @BeforeClass createObjectOfPOMClassesr -->
  <testcase classname="TestClass.Test1" name="@BeforeClass createObjectOfPOMClasses" time="-1.646932166983E9">
    <skipped/>
  </testcase> <!-- @BeforeClass createObjectOfPOMClasses -->
  <testcase classname="TestClass.Test1" name="@BeforeMethod launchApllication" time="-1.646932167003E9">
    <skipped/>
  </testcase> <!-- @BeforeMethod launchApllication -->
  <testcase classname="TestClass.Test2" name="@BeforeMethod launchApllication" time="-1.646932167003E9">
    <skipped/>
  </testcase> <!-- @BeforeMethod launchApllication -->
  <testcase classname="TestClass.Test1" name="@AfterMethod logout" time="-1.646932167018E9">
    <skipped/>
  </testcase> <!-- @AfterMethod logout -->
  <testcase classname="TestClass.Test2" name="@AfterMethod logout" time="-1.646932167021E9">
    <skipped/>
  </testcase> <!-- @AfterMethod logout -->
  <testcase classname="TestClass.Test2" name="@BeforeMethod launchApllication" time="-1.646932167024E9">
    <skipped/>
  </testcase> <!-- @BeforeMethod launchApllication -->
  <testcase classname="TestClass.Test1" name="@BeforeMethod launchApllication" time="-1.646932167029E9">
    <skipped/>
  </testcase> <!-- @BeforeMethod launchApllication -->
  <testcase classname="TestClass.Test2" name="@AfterMethod logout" time="-1.646932167065E9">
    <skipped/>
  </testcase> <!-- @AfterMethod logout -->
  <testcase classname="TestClass.Test1" name="@AfterMethod logout" time="-1.646932167069E9">
    <skipped/>
  </testcase> <!-- @AfterMethod logout -->
  <testcase classname="TestClass.Test2" name="@AfterClass clearPOMObject" time="-1.64693216707E9">
    <skipped/>
  </testcase> <!-- @AfterClass clearPOMObject -->
  <testcase classname="TestClass.Test1" name="@AfterClass clearPOMObject" time="-1.646932167073E9">
    <skipped/>
  </testcase> <!-- @AfterClass clearPOMObject -->
  <testcase classname="TestClass.Test1" name="@AfterTest closeBrowser" time="-1.646932167078E9">
    <skipped/>
  </testcase> <!-- @AfterTest closeBrowser -->
  <testcase classname="TestClass.Test2" name="@AfterTest closeBrowser" time="-1.646932167082E9">
    <skipped/>
  </testcase> <!-- @AfterTest closeBrowser -->
  <testcase classname="TestClass.Test1" name="getCustomerNumber" time="0.0">
    <skipped/>
  </testcase> <!-- getCustomerNumber -->
  <testcase classname="TestClass.Test2" name="AddToCartProduct" time="0.0">
    <skipped/>
  </testcase> <!-- AddToCartProduct -->
  <testcase classname="TestClass.Test1" name="VerifyMousePad" time="0.0">
    <skipped/>
  </testcase> <!-- VerifyMousePad -->
  <testcase classname="TestClass.Test2" name="AddToCartShirt" time="0.0">
    <skipped/>
  </testcase> <!-- AddToCartShirt -->
</testsuite> <!-- ChromeTest(failed) -->
